<?xml version="1.0" encoding="UTF-8" ?>
<testsuite failures="0" time="0.148" errors="0" skipped="0" tests="8" name="com.saavis.challenge.manager.AllocationManagerTest">
  <properties>
[...]
</properties>
  <testcase time="0.002" classname="com.saavis.challenge.manager.AllocationManagerTest" name="testAddNullEmployee"/>
  <testcase time="0.055" classname="com.saavis.challenge.manager.AllocationManagerTest" name="testAddAndGetEmployeeByID"/>
  <testcase time="0" classname="com.saavis.challenge.manager.AllocationManagerTest" name="testAddNullDepartment"/>
  <testcase time="0.001" classname="com.saavis.challenge.manager.AllocationManagerTest" name="testAddAndGetDepartmentByID"/>
  <testcase time="0" classname="com.saavis.challenge.manager.AllocationManagerTest" name="testGetAllocationWithNullEmployeeID"/>
  <testcase time="0" classname="com.saavis.challenge.manager.AllocationManagerTest" name="testGetAllocationWithNullDepartmentID"/>
  <testcase time="0.001" classname="com.saavis.challenge.manager.AllocationManagerTest" name="testGetAllocationByEmployeeID"/>
  <testcase time="0" classname="com.saavis.challenge.manager.AllocationManagerTest" name="testGetAllocationByDepartmentID"/>
</testsuite>